This is e-pTeX, Version 3.141592653-p3.9.1-210218-2.6 (utf8.euc) (TeX Live 2022/dev/Debian) (preloaded format=platex 2023.6.1)  10 JUL 2023 07:59
entering extended mode
 restricted \write18 enabled.
 file:line:error style messages enabled.
 %&-line parsing enabled.
**/home/altair/Documents/4th_year_report_assignment/一章/4tawami.tex
(/home/altair/Documents/4th_year_report_assignment/筝^^80腴^^a0/4tawami.tex
pLaTeX2e <2021-11-15> (based on LaTeX2e <2021-11-15> patch level 1)
L3 programming layer <2022-01-21> (/usr/share/texlive/texmf-dist/tex/platex/jsclasses/jsarticle.cls
Document Class: jsarticle 2021/06/28 jsclasses (okumura, texjporg)
\jsc@mpt=\dimen154
\jsc@mmm=\dimen155
\jsc@smallskipamount=\skip47
LaTeX Info: Redefining \textmc on input line 497.
LaTeX Info: Redefining \textgt on input line 499.
\symmincho=\mathgroup4
LaTeX Font Info:    Overwriting symbol font `mincho' in version `bold'
(Font)                  JY1/mc/m/n --> JY1/gt/m/n on input line 561.
LaTeX Font Info:    Font shape `JT1/mc/m/n' will be
(Font)              scaled to size 9.60999pt on input line 755.
LaTeX Font Info:    Font shape `JY1/mc/m/n' will be
(Font)              scaled to size 9.60999pt on input line 755.
\fullwidth=\dimen156
LaTeX Font Info:    Font shape `JT1/mc/m/n' will be
(Font)              scaled to size 7.68799pt on input line 908.
LaTeX Font Info:    Font shape `JY1/mc/m/n' will be
(Font)              scaled to size 7.68799pt on input line 908.
\c@part=\count184
\c@section=\count185
\c@subsection=\count186
\c@subsubsection=\count187
\c@paragraph=\count188
\c@subparagraph=\count189
\@abstractbox=\box67
\c@figure=\count190
\c@table=\count191
\abovecaptionskip=\skip48
\belowcaptionskip=\skip49
\jsc@tocl@width=\dimen157
\@lnumwidth=\dimen158
\bibindent=\dimen159
(/usr/share/texlive/texmf-dist/tex/platex/jsclasses/jslogo.sty
Package: jslogo 2019/07/25 okumura, texjporg
LaTeX Info: Redefining \TeX on input line 82.
LaTeX Info: Redefining \LaTeX on input line 135.
LaTeX Info: Redefining \LaTeXe on input line 188.
)
\heisei=\count192
) (/usr/share/texlive/texmf-dist/tex/latex/multirow/multirow.sty
Package: multirow 2021/03/15 v2.8 Span multiple rows of a table
\multirow@colwidth=\skip50
\multirow@cntb=\count193
\multirow@dima=\skip51
\bigstrutjot=\dimen160
) (/usr/share/texlive/texmf-dist/tex/latex/geometry/geometry.sty
Package: geometry 2020/01/02 v5.9 Page Geometry
(/usr/share/texlive/texmf-dist/tex/latex/graphics/keyval.sty
Package: keyval 2014/10/28 v1.15 key=value parser (DPC)
\KV@toks@=\toks17
) (/usr/share/texlive/texmf-dist/tex/generic/iftex/ifvtex.sty
Package: ifvtex 2019/10/25 v1.7 ifvtex legacy package. Use iftex instead.
(/usr/share/texlive/texmf-dist/tex/generic/iftex/iftex.sty
Package: iftex 2020/03/06 v1.0d TeX engine tests
))
\Gm@cnth=\count194
\Gm@cntv=\count195
\c@Gm@tempcnt=\count196
\Gm@bindingoffset=\dimen161
\Gm@wd@mp=\dimen162
\Gm@odd@mp=\dimen163
\Gm@even@mp=\dimen164
\Gm@layoutwidth=\dimen165
\Gm@layoutheight=\dimen166
\Gm@layouthoffset=\dimen167
\Gm@layoutvoffset=\dimen168
\Gm@dimlist=\toks18
) (/usr/share/texlive/texmf-dist/tex/latex/amsmath/amsmath.sty
Package: amsmath 2021/10/15 v2.17l AMS math features
\@mathmargin=\skip52
For additional information on amsmath, use the `?' option.
(/usr/share/texlive/texmf-dist/tex/latex/amsmath/amstext.sty
Package: amstext 2021/08/26 v2.01 AMS text
(/usr/share/texlive/texmf-dist/tex/latex/amsmath/amsgen.sty
File: amsgen.sty 1999/11/30 v2.0 generic functions
\@emptytoks=\toks19
\ex@=\dimen169
)) (/usr/share/texlive/texmf-dist/tex/latex/amsmath/amsbsy.sty
Package: amsbsy 1999/11/29 v1.2d Bold Symbols
\pmbraise@=\dimen170
) (/usr/share/texlive/texmf-dist/tex/latex/amsmath/amsopn.sty
Package: amsopn 2021/08/26 v2.02 operator names
)
\inf@bad=\count197
LaTeX Info: Redefining \frac on input line 234.
\uproot@=\count198
\leftroot@=\count199
LaTeX Info: Redefining \overline on input line 399.
\classnum@=\count266
\DOTSCASE@=\count267
LaTeX Info: Redefining \ldots on input line 496.
LaTeX Info: Redefining \dots on input line 499.
LaTeX Info: Redefining \cdots on input line 620.
\Mathstrutbox@=\box68
\strutbox@=\box69
\big@size=\dimen171
LaTeX Font Info:    Redeclaring font encoding OML on input line 743.
LaTeX Font Info:    Redeclaring font encoding OMS on input line 744.
\macc@depth=\count268
\c@MaxMatrixCols=\count269
\dotsspace@=\muskip16
\c@parentequation=\count270
\dspbrk@lvl=\count271
\tag@help=\toks20
\row@=\count272
\column@=\count273
\maxfields@=\count274
\andhelp@=\toks21
\eqnshift@=\dimen172
\alignsep@=\dimen173
\tagshift@=\dimen174
\tagwidth@=\dimen175
\totwidth@=\dimen176
\lineht@=\dimen177
\@envbody=\toks22
\multlinegap=\skip53
\multlinetaggap=\skip54
\mathdisplay@stack=\toks23
LaTeX Info: Redefining \[ on input line 2938.
LaTeX Info: Redefining \] on input line 2939.
) (/usr/share/texlive/texmf-dist/tex/latex/amsfonts/amsfonts.sty
Package: amsfonts 2013/01/14 v3.01 Basic AMSFonts support
\symAMSa=\mathgroup5
\symAMSb=\mathgroup6
LaTeX Font Info:    Redeclaring math symbol \hbar on input line 98.
LaTeX Font Info:    Overwriting math alphabet `\mathfrak' in version `bold'
(Font)                  U/euf/m/n --> U/euf/b/n on input line 106.
) (/usr/share/texlive/texmf-dist/tex/latex/tools/bm.sty
Package: bm 2021/04/25 v1.2e Bold Symbol Support (DPC/FMi)
\symboldoperators=\mathgroup7
\symboldletters=\mathgroup8
\symboldsymbols=\mathgroup9
Package bm Info: No bold for \OMX/cmex/m/n, using \pmb.
\symboldmincho=\mathgroup10
Package bm Info: No bold for \U/msa/m/n, using \pmb.
Package bm Info: No bold for \U/msb/m/n, using \pmb.
LaTeX Font Info:    Redeclaring math alphabet \mathbf on input line 149.
) (/usr/share/texlive/texmf-dist/tex/latex/graphics/graphicx.sty
Package: graphicx 2021/09/16 v1.2d Enhanced LaTeX Graphics (DPC,SPQR)
(/usr/share/texlive/texmf-dist/tex/latex/graphics/graphics.sty
Package: graphics 2021/03/04 v1.4d Standard LaTeX Graphics (DPC,SPQR)
(/usr/share/texlive/texmf-dist/tex/latex/graphics/trig.sty
Package: trig 2021/08/11 v1.11 sin cos tan (DPC)
) (/usr/share/texlive/texmf-dist/tex/latex/graphics-cfg/graphics.cfg
File: graphics.cfg 2016/06/04 v1.11 sample graphics configuration
)
Package graphics Info: Driver file: dvipdfmx.def on input line 107.
(/usr/share/texlive/texmf-dist/tex/latex/graphics-def/dvipdfmx.def
File: dvipdfmx.def 2021/03/18 v5.0j Graphics/color driver for dvipdfmx
))
\Gin@req@height=\dimen178
\Gin@req@width=\dimen179
) (/usr/share/texlive/texmf-dist/tex/latex/l3backend/l3backend-dvips.def
File: l3backend-dvips.def 2022-01-12 L3 backend support: dvips
\l__pdf_internal_box=\box70
\g__pdf_backend_object_int=\count275
\l__pdf_backend_content_box=\box71
\l__pdf_backend_model_box=\box72
\g__pdf_backend_annotation_int=\count276
\g__pdf_backend_link_int=\count277
\g__pdf_backend_link_sf_int=\count278
) (out/4tawami.aux

LaTeX Warning: Label `' multiply defined.


LaTeX Warning: Label `' multiply defined.


LaTeX Warning: Label `' multiply defined.


LaTeX Warning: Label `' multiply defined.


LaTeX Warning: Label `' multiply defined.


LaTeX Warning: Label `' multiply defined.


LaTeX Warning: Label `' multiply defined.

)
\openout1 = `4tawami.aux'.

LaTeX Font Info:    Checking defaults for OML/cmm/m/it on input line 11.
LaTeX Font Info:    ... okay on input line 11.
LaTeX Font Info:    Checking defaults for OMS/cmsy/m/n on input line 11.
LaTeX Font Info:    ... okay on input line 11.
LaTeX Font Info:    Checking defaults for OT1/cmr/m/n on input line 11.
LaTeX Font Info:    ... okay on input line 11.
LaTeX Font Info:    Checking defaults for T1/cmr/m/n on input line 11.
LaTeX Font Info:    ... okay on input line 11.
LaTeX Font Info:    Checking defaults for TS1/cmr/m/n on input line 11.
LaTeX Font Info:    ... okay on input line 11.
LaTeX Font Info:    Checking defaults for OMX/cmex/m/n on input line 11.
LaTeX Font Info:    ... okay on input line 11.
LaTeX Font Info:    Checking defaults for U/cmr/m/n on input line 11.
LaTeX Font Info:    ... okay on input line 11.
LaTeX Font Info:    Checking defaults for JY1/mc/m/n on input line 11.
LaTeX Font Info:    ... okay on input line 11.
LaTeX Font Info:    Checking defaults for JT1/mc/m/n on input line 11.
LaTeX Font Info:    ... okay on input line 11.
*geometry* driver: auto-detecting
*geometry* detected driver: dvips
*geometry* verbose mode - [ preamble ] result:
* driver: dvips
* paper: a4paper
* layout: <same size as paper>
* layoutoffset:(h,v)=(0.0pt,0.0pt)
* modes: 
* h-part:(L,W,R)=(71.13188pt, 455.24411pt, 71.13188pt)
* v-part:(T,H,B)=(71.13188pt, 702.78308pt, 71.13188pt)
* \paperwidth=654.26651pt
* \paperheight=925.30975pt
* \textwidth=455.24411pt
* \textheight=702.78308pt
* \oddsidemargin=-1.1381pt
* \evensidemargin=-1.1381pt
* \topmargin=-34.36624pt
* \headheight=20.0pt
* \headsep=13.22813pt
* \topskip=12.76073pt
* \footskip=25.98886pt
* \marginparwidth=18.49374pt
* \marginparsep=18.49374pt
* \columnsep=18.49374pt
* \skip\footins=16.0pt plus 5.0pt minus 2.0pt
* \hoffset=6.27573pt
* \voffset=6.27573pt
* \mag=1095
* \@twocolumnfalse
* \@twosidefalse
* \@mparswitchfalse
* \@reversemarginfalse
* (1in=72.27pt=25.4mm, 1cm=28.453pt)

LaTeX Font Info:    Font shape `JT1/mc/m/n' will be
(Font)              scaled to size 13.83836pt on input line 13.
LaTeX Font Info:    Font shape `JY1/mc/m/n' will be
(Font)              scaled to size 13.83836pt on input line 13.
LaTeX Font Info:    Font shape `JT1/gt/m/n' will be
(Font)              scaled to size 13.83836pt on input line 13.
LaTeX Font Info:    Font shape `JY1/gt/m/n' will be
(Font)              scaled to size 13.83836pt on input line 13.
File: AB.png Graphic file (type bmp)
<AB.png>
LaTeX Font Info:    Font shape `JT1/mc/m/n' will be
(Font)              scaled to size 8.64899pt on input line 26.
LaTeX Font Info:    Font shape `JY1/mc/m/n' will be
(Font)              scaled to size 8.64899pt on input line 26.
LaTeX Font Info:    Font shape `JY1/mc/m/n' will be
(Font)              scaled to size 6.72699pt on input line 28.
LaTeX Font Info:    Font shape `JY1/mc/m/n' will be
(Font)              scaled to size 4.805pt on input line 28.
LaTeX Font Info:    Trying to load font information for U+msa on input line 28.
(/usr/share/texlive/texmf-dist/tex/latex/amsfonts/umsa.fd
File: umsa.fd 2013/01/14 v3.01 AMS symbols A
)
LaTeX Font Info:    Trying to load font information for U+msb on input line 28.
(/usr/share/texlive/texmf-dist/tex/latex/amsfonts/umsb.fd
File: umsb.fd 2013/01/14 v3.01 AMS symbols B
)
LaTeX Font Info:    Font shape `JY1/gt/m/n' will be
(Font)              scaled to size 9.60999pt on input line 28.
LaTeX Font Info:    Font shape `JY1/gt/m/n' will be
(Font)              scaled to size 6.72699pt on input line 28.
LaTeX Font Info:    Font shape `JY1/gt/m/n' will be
(Font)              scaled to size 4.805pt on input line 28.
[1

] [2]
LaTeX Font Info:    Font shape `JT1/mc/m/n' will be
(Font)              scaled to size 6.72699pt on input line 121.
LaTeX Font Info:    Font shape `JT1/mc/m/n' will be
(Font)              scaled to size 4.805pt on input line 121.
File: 1.pdf Graphic file (type pdf)
<1.pdf>

LaTeX Warning: Float too large for page by 0.01457pt on input line 134.

[3] [4]
File: 1.pdf Graphic file (type pdf)
<1.pdf>

LaTeX Warning: Float too large for page by 0.01457pt on input line 142.

[5] [6


]
File: 1.jpg Graphic file (type bmp)
<1.jpg>
LaTeX Font Info:    Font shape `JY1/mc/m/n' will be
(Font)              scaled to size 5.76599pt on input line 158.
LaTeX Font Info:    Font shape `JY1/gt/m/n' will be
(Font)              scaled to size 8.64899pt on input line 158.
LaTeX Font Info:    Font shape `JY1/gt/m/n' will be
(Font)              scaled to size 5.76599pt on input line 158.

LaTeX Warning: Float too large for page by 32.73676pt on input line 159.


LaTeX Warning: `h' float specifier changed to `ht'.

[7] [8


]
File: 2.jpg Graphic file (type bmp)
<2.jpg>

LaTeX Warning: `h' float specifier changed to `ht'.

[9]
File: 3.jpg Graphic file (type bmp)
<3.jpg>

LaTeX Warning: Float too large for page by 4.284pt on input line 187.


LaTeX Warning: `h' float specifier changed to `ht'.

[10]
File: 4.jpg Graphic file (type bmp)
<4.jpg>

LaTeX Warning: Float too large for page by 4.284pt on input line 193.


LaTeX Warning: `h' float specifier changed to `ht'.

[11]
File: 5.jpg Graphic file (type bmp)
<5.jpg>

LaTeX Warning: Float too large for page by 4.284pt on input line 199.


LaTeX Warning: `h' float specifier changed to `ht'.

[12]
File: 6.jpg Graphic file (type bmp)
<6.jpg>

LaTeX Warning: Float too large for page by 4.284pt on input line 205.


LaTeX Warning: `h' float specifier changed to `ht'.

[13]

LaTeX Warning: Command \textmu invalid in math mode on input line 223.


LaTeX Warning: Command \textmu invalid in math mode on input line 223.

Missing character: There is no ^^b5 in font cmr9!

LaTeX Warning: Command \textmu invalid in math mode on input line 228.


LaTeX Warning: Command \textmu invalid in math mode on input line 228.

Missing character: There is no ^^b5 in font cmr9!

Overfull \hbox (45.77357pt too wide) in paragraph at lines 220--231
[][][][] 
 []

File: 7.png Graphic file (type bmp)
<7.png>

LaTeX Warning: Float too large for page by 4.284pt on input line 253.


LaTeX Warning: `h' float specifier changed to `ht'.

[14






] [15]
File: 8.png Graphic file (type bmp)
<8.png>
[16

] (out/4tawami.aux)

LaTeX Warning: There were multiply-defined labels.

 ) 
Here is how much of TeX's memory you used:
 2736 strings out of 478741
 41554 string characters out of 5860983
 358736 words of memory out of 5000000
 21110 multiletter control sequences out of 15000+600000
 486294 words of font info for 104 fonts, out of 8000000 for 9000
 934 hyphenation exceptions out of 8191
 55i,13n,62p,273b,465s stack positions out of 5000i,500n,10000p,200000b,80000s

Output written on out/4tawami.dvi (16 pages, 26108 bytes).
